
# 2019-04-09 15:42:17

# 2019-04-09 15:45:10

# 2019-04-09 15:47:29

# 2019-04-09 15:53:21

msgid "Create New Controller Config File."
msgstr ""

msgid "RunIcon:"
msgstr ""

msgid "Wd:"
msgstr ""

msgid "I will copy the program to HOME/bin/ControllerName"
msgstr ""

msgid "ControllerName:"
msgstr ""

msgid "Envs:"
msgstr ""

msgid "Split enviroment with ';', example:"
msgstr ""

msgid "Exec:"
msgstr ""

msgid "StopIcon:"
msgstr ""

msgid "OK"
msgstr ""

msgid "Click ICON to show Choose Dialog"
msgstr ""

msgid "Args:"
msgstr ""

msgid "Split arguments with SPACE, example:"
msgstr ""

# 2019-04-09 15:58:07

msgid "Click ICON to show Choose Dialog"
msgstr ""

msgid "ControllerName:"
msgstr ""

msgid "Exec:"
msgstr ""

msgid "Wd:"
msgstr ""

msgid "RunIcon:"
msgstr ""

msgid "StopIcon:"
msgstr ""

msgid "I will copy the program to HOME/bin/ControllerName"
msgstr ""

msgid "Split enviroment with ';', example:"
msgstr ""

msgid "Create New Controller Config File."
msgstr ""

msgid "Args:"
msgstr ""

msgid "Envs:"
msgstr ""

msgid "OK"
msgstr ""

msgid "Split arguments with SPACE, example:"
msgstr ""
